2021-03-21 13:41:37.644 - INFO - 4464 - azureml.train.automl._experiment_drivers.driver_utilities.modify_run_configuration:199 - Package azureml-train-automl missing from dependencies file.
2021-03-21 13:41:37.645 - INFO - 4464 - azureml.train.automl._experiment_drivers.driver_utilities.modify_run_configuration:205 - Using pinned version: azureml-train-automl==1.24.0.*
2021-03-21 13:41:37.645 - INFO - 4464 - azureml.train.automl._experiment_drivers.driver_utilities.modify_run_configuration:199 - Package pandas missing from dependencies file.
2021-03-21 13:41:37.645 - INFO - 4464 - azureml.train.automl._experiment_drivers.driver_utilities.modify_run_configuration:205 - Using pinned version: pandas==0.25.1
2021-03-21 13:41:37.646 - INFO - 4464 - azureml.train.automl._experiment_drivers.driver_utilities.modify_run_configuration:199 - Package psutil missing from dependencies file.
2021-03-21 13:41:37.646 - INFO - 4464 - azureml.train.automl._experiment_drivers.driver_utilities.modify_run_configuration:205 - Using pinned version: psutil>5.0.0,<6.0.0
2021-03-21 13:41:37.646 - INFO - 4464 - azureml.train.automl._experiment_drivers.driver_utilities.modify_run_configuration:199 - Package scikit-learn missing from dependencies file.
2021-03-21 13:41:37.646 - INFO - 4464 - azureml.train.automl._experiment_drivers.driver_utilities.modify_run_configuration:205 - Using pinned version: scikit-learn==0.22.1
2021-03-21 13:41:37.647 - INFO - 4464 - azureml.train.automl._experiment_drivers.driver_utilities.modify_run_configuration:199 - Package numpy missing from dependencies file.
2021-03-21 13:41:37.647 - INFO - 4464 - azureml.train.automl._experiment_drivers.driver_utilities.modify_run_configuration:205 - Using pinned version: numpy~=1.18.0
2021-03-21 13:41:37.647 - INFO - 4464 - azureml.train.automl._experiment_drivers.driver_utilities.modify_run_configuration:199 - Package py-xgboost missing from dependencies file.
2021-03-21 13:41:37.647 - INFO - 4464 - azureml.train.automl._experiment_drivers.driver_utilities.modify_run_configuration:205 - Using pinned version: py-xgboost<=0.90
2021-03-21 13:41:37.648 - INFO - 4464 - azureml.train.automl._experiment_drivers.driver_utilities.modify_run_configuration:199 - Package inference-schema missing from dependencies file.
2021-03-21 13:41:37.648 - INFO - 4464 - azureml.train.automl._experiment_drivers.driver_utilities.modify_run_configuration:199 - Package fbprophet missing from dependencies file.
2021-03-21 13:41:37.648 - INFO - 4464 - azureml.train.automl._experiment_drivers.driver_utilities.modify_run_configuration:205 - Using pinned version: fbprophet==0.5
2021-03-21 13:41:37.649 - INFO - 4464 - azureml.train.automl._experiment_drivers.driver_utilities.modify_run_configuration:199 - Package setuptools-git missing from dependencies file.
2021-03-21 13:41:37.649 - INFO - 4464 - azureml.train.automl._experiment_drivers.driver_utilities.modify_run_configuration:209 - Using installed version: setuptools-git==1.2
2021-03-21 13:41:37.656 - INFO - 4464 - azureml.train.automl._experiment_drivers.driver_utilities.validate_input:105 - Start data validation.
2021-03-21 13:41:38.713 - INFO - 4464 - azureml.train.automl._experiment_drivers.driver_utilities.validate_input:118 - Validation service found the data has no errors.
2021-03-21 13:41:38.714 - INFO - 4464 - azureml.train.automl._experiment_drivers.driver_utilities._create_remote_parent_run:371 - Start creating parent run.
2021-03-21 13:41:38.927 - INFO - 4464 - azureml.train.automl._experiment_drivers.driver_utilities._create_remote_parent_run:391 - [ParentRunID:AutoML_4dd0a134-1e01-4dcf-a365-dab314ee96b4] Remote run using input X and y.
2021-03-21 13:41:39.322 - INFO - 4464 - azureml.train.automl._experiment_drivers.driver_utilities._create_remote_parent_run:411 - Parent Run ID: AutoML_4dd0a134-1e01-4dcf-a365-dab314ee96b4
2021-03-21 13:41:39.322 - INFO - 4464 - azureml.train.automl._experiment_drivers.driver_utilities.start_remote_run:326 - Starting a snapshot run (snapshot_id : None)
2021-03-21 14:06:04.656 - INFO - 3810 - azureml.train.automl._experiment_drivers.driver_utilities.modify_run_configuration:199 - Package azureml-train-automl missing from dependencies file.
2021-03-21 14:06:04.779 - INFO - 3810 - azureml.train.automl._experiment_drivers.driver_utilities.modify_run_configuration:205 - Using pinned version: azureml-train-automl==1.24.0.*
2021-03-21 14:06:04.779 - INFO - 3810 - azureml.train.automl._experiment_drivers.driver_utilities.modify_run_configuration:199 - Package pandas missing from dependencies file.
2021-03-21 14:06:04.779 - INFO - 3810 - azureml.train.automl._experiment_drivers.driver_utilities.modify_run_configuration:205 - Using pinned version: pandas==0.25.1
2021-03-21 14:06:04.780 - INFO - 3810 - azureml.train.automl._experiment_drivers.driver_utilities.modify_run_configuration:199 - Package psutil missing from dependencies file.
2021-03-21 14:06:04.780 - INFO - 3810 - azureml.train.automl._experiment_drivers.driver_utilities.modify_run_configuration:205 - Using pinned version: psutil>5.0.0,<6.0.0
2021-03-21 14:06:04.780 - INFO - 3810 - azureml.train.automl._experiment_drivers.driver_utilities.modify_run_configuration:199 - Package scikit-learn missing from dependencies file.
2021-03-21 14:06:04.780 - INFO - 3810 - azureml.train.automl._experiment_drivers.driver_utilities.modify_run_configuration:205 - Using pinned version: scikit-learn==0.22.1
2021-03-21 14:06:04.781 - INFO - 3810 - azureml.train.automl._experiment_drivers.driver_utilities.modify_run_configuration:199 - Package numpy missing from dependencies file.
2021-03-21 14:06:04.781 - INFO - 3810 - azureml.train.automl._experiment_drivers.driver_utilities.modify_run_configuration:205 - Using pinned version: numpy~=1.18.0
2021-03-21 14:06:04.781 - INFO - 3810 - azureml.train.automl._experiment_drivers.driver_utilities.modify_run_configuration:199 - Package py-xgboost missing from dependencies file.
2021-03-21 14:06:04.781 - INFO - 3810 - azureml.train.automl._experiment_drivers.driver_utilities.modify_run_configuration:205 - Using pinned version: py-xgboost<=0.90
2021-03-21 14:06:04.782 - INFO - 3810 - azureml.train.automl._experiment_drivers.driver_utilities.modify_run_configuration:199 - Package inference-schema missing from dependencies file.
2021-03-21 14:06:04.782 - INFO - 3810 - azureml.train.automl._experiment_drivers.driver_utilities.modify_run_configuration:199 - Package fbprophet missing from dependencies file.
2021-03-21 14:06:04.783 - INFO - 3810 - azureml.train.automl._experiment_drivers.driver_utilities.modify_run_configuration:205 - Using pinned version: fbprophet==0.5
2021-03-21 14:06:04.783 - INFO - 3810 - azureml.train.automl._experiment_drivers.driver_utilities.modify_run_configuration:199 - Package setuptools-git missing from dependencies file.
2021-03-21 14:06:04.783 - INFO - 3810 - azureml.train.automl._experiment_drivers.driver_utilities.modify_run_configuration:209 - Using installed version: setuptools-git==1.2
2021-03-21 14:06:04.800 - INFO - 3810 - azureml.train.automl._experiment_drivers.driver_utilities.validate_input:105 - Start data validation.
2021-03-21 14:06:06.776 - INFO - 3810 - azureml.train.automl._experiment_drivers.driver_utilities.validate_input:118 - Validation service found the data has no errors.
2021-03-21 14:06:06.776 - INFO - 3810 - azureml.train.automl._experiment_drivers.driver_utilities._create_remote_parent_run:371 - Start creating parent run.
2021-03-21 14:06:07.714 - INFO - 3810 - azureml.train.automl._experiment_drivers.driver_utilities._create_remote_parent_run:391 - [ParentRunID:AutoML_44b66c17-6335-4af6-b059-70f12198038a] Remote run using input X and y.
2021-03-21 14:06:08.114 - INFO - 3810 - azureml.train.automl._experiment_drivers.driver_utilities._create_remote_parent_run:411 - Parent Run ID: AutoML_44b66c17-6335-4af6-b059-70f12198038a
2021-03-21 14:06:08.115 - INFO - 3810 - azureml.train.automl._experiment_drivers.driver_utilities.start_remote_run:326 - Starting a snapshot run (snapshot_id : None)
